<?xml version="1.0" encoding="UTF-8" ?>
<testsuite tests="3" failures="0" name="hu.gov.allamkincstar.exercises.euroexchange.data.OnlineFileTest" time="0.081" errors="0" skipped="0">
  <properties>
[...]
</properties>
  <testcase classname="hu.gov.allamkincstar.exercises.euroexchange.data.OnlineFileTest" name="testIsEcbAvailable" time="0.013"/>
  <testcase classname="hu.gov.allamkincstar.exercises.euroexchange.data.OnlineFileTest" name="testGetFilename" time="0.068"/>
  <testcase classname="hu.gov.allamkincstar.exercises.euroexchange.data.OnlineFileTest" name="testGetLastDownload" time="0"/>
</testsuite>